[1109/004258.415:ERROR:crash_report_database_win.cc(469)] failed to stat report
[1109/004258.416:ERROR:crash_report_database_win.cc(469)] failed to stat report
[1109/004258.416:ERROR:crash_report_database_win.cc(469)] failed to stat report
[1109/004258.416:ERROR:crash_report_database_win.cc(469)] failed to stat report
[1110/020943.590:ERROR:crash_report_database_win.cc(469)] failed to stat report
[1110/020943.591:ERROR:crash_report_database_win.cc(469)] failed to stat report
[1110/020943.591:ERROR:crash_report_database_win.cc(469)] failed to stat report
[1110/020943.591:ERROR:crash_report_database_win.cc(469)] failed to stat report
[1112/222754.705:ERROR:crash_report_database_win.cc(469)] failed to stat report
[1112/222754.706:ERROR:crash_report_database_win.cc(469)] failed to stat report
[1112/222754.748:ERROR:crash_report_database_win.cc(469)] failed to stat report
[1112/222754.748:ERROR:crash_report_database_win.cc(469)] failed to stat report
[1112/223754.704:ERROR:crash_report_database_win.cc(469)] failed to stat report
[1112/223754.704:ERROR:crash_report_database_win.cc(469)] failed to stat report
[1112/223754.704:ERROR:crash_report_database_win.cc(469)] failed to stat report
[1112/223754.704:ERROR:crash_report_database_win.cc(469)] failed to stat report
[1112/223754.705:ERROR:crash_report_database_win.cc(469)] failed to stat report
[1112/223754.705:ERROR:crash_report_database_win.cc(469)] failed to stat report
[1112/223754.705:ERROR:crash_report_database_win.cc(469)] failed to stat report
[1112/223754.705:ERROR:crash_report_database_win.cc(469)] failed to stat report
[1112/224207.930:ERROR:process_memory_win.cc(73)] ReadMemory at 0x7ff7958d0000 of 64 bytes failed: Only part of a ReadProcessMemory or WriteProcessMemory request was completed. (0x12B)
[1112/224207.931:WARNING:pe_image_reader.cc(340)] could not read dos header from C:\Program Files (x86)\Google\Chrome\Application\chrome.exe
[1112/224207.931:ERROR:process_memory_win.cc(73)] ReadMemory at 0x2237b253a60 of 72 bytes failed: Only part of a ReadProcessMemory or WriteProcessMemory request was completed. (0x12B)
[1112/224207.931:WARNING:pe_image_annotations_reader.cc(134)] could not read annotations list object in C:\Program Files (x86)\Google\Chrome\Application\78.0.3904.87\chrome_elf.dll
[1112/224207.931:ERROR:process_memory_win.cc(73)] ReadMemory at 0x7ffc2cf80000 of 64 bytes failed: Only part of a ReadProcessMemory or WriteProcessMemory request was completed. (0x12B)
[1112/224207.931:WARNING:pe_image_reader.cc(340)] could not read dos header from C:\Program Files (x86)\Google\Chrome\Application\78.0.3904.87\chrome_child.dll
[1112/224207.932:ERROR:process_memory_win.cc(73)] ReadMemory at 0x7ffc639c0000 of 64 bytes failed: Only part of a ReadProcessMemory or WriteProcessMemory request was completed. (0x12B)
[1112/224207.932:WARNING:pe_image_reader.cc(340)] could not read dos header from C:\WINDOWS\SYSTEM32\WINSPOOL.DRV
[1112/224207.932:ERROR:process_memory_win.cc(73)] ReadMemory at 0x7ffc4e5e0000 of 64 bytes failed: Only part of a ReadProcessMemory or WriteProcessMemory request was completed. (0x12B)
[1112/224207.932:WARNING:pe_image_reader.cc(340)] could not read dos header from C:\WINDOWS\SYSTEM32\dbghelp.dll
[1112/224207.932:ERROR:process_memory_win.cc(73)] ReadMemory at 0x7ffc70910000 of 64 bytes failed: Only part of a ReadProcessMemory or WriteProcessMemory request was completed. (0x12B)
[1112/224207.932:WARNING:pe_image_reader.cc(340)] could not read dos header from C:\WINDOWS\SYSTEM32\Secur32.dll
[1112/224207.932:ERROR:process_memory_win.cc(73)] ReadMemory at 0x7ffc70950000 of 64 bytes failed: Only part of a ReadProcessMemory or WriteProcessMemory request was completed. (0x12B)
[1112/224207.932:WARNING:pe_image_reader.cc(340)] could not read dos header from C:\WINDOWS\SYSTEM32\WINHTTP.dll
[1112/224207.932:ERROR:process_memory_win.cc(73)] ReadMemory at 0x7ffc78370000 of 64 bytes failed: Only part of a ReadProcessMemory or WriteProcessMemory request was completed. (0x12B)
[1112/224207.932:WARNING:pe_image_reader.cc(340)] could not read dos header from C:\WINDOWS\SYSTEM32\dhcpcsvc.DLL
[1112/224207.932:ERROR:process_memory_win.cc(73)] ReadMemory at 0x7ffc7a5e0000 of 64 bytes failed: Only part of a ReadProcessMemory or WriteProcessMemory request was completed. (0x12B)
[1112/224207.932:WARNING:pe_image_reader.cc(340)] could not read dos header from C:\WINDOWS\SYSTEM32\WINMMBASE.dll
[1112/224207.932:ERROR:process_memory_win.cc(73)] ReadMemory at 0x7ffc7a1f0000 of 64 bytes failed: Only part of a ReadProcessMemory or WriteProcessMemory request was completed. (0x12B)
[1112/224207.932:WARNING:pe_image_reader.cc(340)] could not read dos header from C:\WINDOWS\SYSTEM32\PROPSYS.dll
[1112/224207.932:ERROR:process_memory_win.cc(73)] ReadMemory at 0x7ffc7e6c0000 of 64 bytes failed: Only part of a ReadProcessMemory or WriteProcessMemory request was completed. (0x12B)
[1112/224207.932:WARNING:pe_image_reader.cc(340)] could not read dos header from C:\WINDOWS\SYSTEM32\SSPICLI.DLL
[1112/224207.932:ERROR:process_memory_win.cc(73)] ReadMemory at 0x7ffc7e1d0000 of 64 bytes failed: Only part of a ReadProcessMemory or WriteProcessMemory request was completed. (0x12B)
[1112/224207.932:WARNING:pe_image_reader.cc(340)] could not read dos header from C:\WINDOWS\SYSTEM32\CRYPTBASE.DLL
[1112/224207.933:ERROR:process_memory_win.cc(73)] ReadMemory at 0x7ff7958d0000 of 64 bytes failed: Only part of a ReadProcessMemory or WriteProcessMemory request was completed. (0x12B)
[1112/224207.933:WARNING:pe_image_reader.cc(340)] could not read dos header from C:\Program Files (x86)\Google\Chrome\Application\chrome.exe
[1112/224207.933:ERROR:process_memory_win.cc(73)] ReadMemory at 0x7ffc7e860000 of 64 bytes failed: Only part of a ReadProcessMemory or WriteProcessMemory request was completed. (0x12B)
[1112/224207.933:WARNING:pe_image_reader.cc(340)] could not read dos header from C:\WINDOWS\System32\KERNELBASE.dll
[1112/224207.933:ERROR:process_memory_win.cc(73)] ReadMemory at 0x7ffc6bf80000 of 64 bytes failed: Only part of a ReadProcessMemory or WriteProcessMemory request was completed. (0x12B)
[1112/224207.933:WARNING:pe_image_reader.cc(340)] could not read dos header from C:\Program Files (x86)\Google\Chrome\Application\78.0.3904.87\chrome_elf.dll
[1112/224207.933:ERROR:process_memory_win.cc(73)] ReadMemory at 0x7ffc78450000 of 64 bytes failed: Only part of a ReadProcessMemory or WriteProcessMemory request was completed. (0x12B)
[1112/224207.933:WARNING:pe_image_reader.cc(340)] could not read dos header from C:\WINDOWS\SYSTEM32\VERSION.dll
[1112/224207.933:ERROR:process_memory_win.cc(73)] ReadMemory at 0x7ffc81be00f0 of 264 bytes failed: Only part of a ReadProcessMemory or WriteProcessMemory request was completed. (0x12B)
[1112/224207.933:WARNING:pe_image_reader.cc(354)] could not read nt headers from C:\WINDOWS\System32\msvcrt.dll
[1112/224207.933:ERROR:process_memory_win.cc(73)] ReadMemory at 0x7ffc7f000000 of 64 bytes failed: Only part of a ReadProcessMemory or WriteProcessMemory request was completed. (0x12B)
[1112/224207.933:WARNING:pe_image_reader.cc(340)] could not read dos header from C:\WINDOWS\System32\bcryptPrimitives.dll
[1112/224207.933:ERROR:process_memory_win.cc(73)] ReadMemory at 0x7ffc81c80000 of 64 bytes failed: Only part of a ReadProcessMemory or WriteProcessMemory request was completed. (0x12B)
[1112/224207.933:WARNING:pe_image_reader.cc(340)] could not read dos header from C:\WINDOWS\System32\ADVAPI32.dll
[1112/224207.933:ERROR:process_memory_win.cc(73)] ReadMemory at 0x7ffc80060000 of 64 bytes failed: Only part of a ReadProcessMemory or WriteProcessMemory request was completed. (0x12B)
[1112/224207.933:WARNING:pe_image_reader.cc(340)] could not read dos header from C:\WINDOWS\System32\sechost.dll
[1112/224207.933:ERROR:process_memory_win.cc(73)] ReadMemory at 0x7ffc80100000 of 64 bytes failed: Only part of a ReadProcessMemory or WriteProcessMemory request was completed. (0x12B)
[1112/224207.933:WARNING:pe_image_reader.cc(340)] could not read dos header from C:\WINDOWS\System32\RPCRT4.dll
[1112/224207.933:ERROR:process_memory_win.cc(73)] ReadMemory at 0x7ffc2cf80000 of 64 bytes failed: Only part of a ReadProcessMemory or WriteProcessMemory request was completed. (0x12B)
[1112/224207.934:WARNING:pe_image_reader.cc(340)] could not read dos header from C:\Program Files (x86)\Google\Chrome\Application\78.0.3904.87\chrome_child.dll
[1112/224207.934:ERROR:process_memory_win.cc(73)] ReadMemory at 0x7ffc81a60000 of 64 bytes failed: Only part of a ReadProcessMemory or WriteProcessMemory request was completed. (0x12B)
[1112/224207.934:WARNING:pe_image_reader.cc(340)] could not read dos header from C:\WINDOWS\System32\OLEAUT32.dll
[1112/224207.934:ERROR:process_memory_win.cc(73)] ReadMemory at 0x7ffc7ecb0000 of 64 bytes failed: Only part of a ReadProcessMemory or WriteProcessMemory request was completed. (0x12B)
[1112/224207.934:WARNING:pe_image_reader.cc(340)] could not read dos header from C:\WINDOWS\System32\msvcp_win.dll
[1112/224207.934:ERROR:process_memory_win.cc(73)] ReadMemory at 0x7ffc7eb00000 of 64 bytes failed: Only part of a ReadProcessMemory or WriteProcessMemory request was completed. (0x12B)
[1112/224207.934:WARNING:pe_image_reader.cc(340)] could not read dos header from C:\WINDOWS\System32\ucrtbase.dll
[1112/224207.934:ERROR:process_memory_win.cc(73)] ReadMemory at 0x7ffc81d30000 of 64 bytes failed: Only part of a ReadProcessMemory or WriteProcessMemory request was completed. (0x12B)
[1112/224207.934:WARNING:pe_image_reader.cc(340)] could not read dos header from C:\WINDOWS\System32\combase.dll
[1112/224207.934:ERROR:process_memory_win.cc(73)] ReadMemory at 0x7ffc818e0000 of 64 bytes failed: Only part of a ReadProcessMemory or WriteProcessMemory request was completed. (0x12B)
[1112/224207.934:WARNING:pe_image_reader.cc(340)] could not read dos header from C:\WINDOWS\System32\WS2_32.dll
[1112/224207.934:ERROR:process_memory_win.cc(73)] ReadMemory at 0x7ffc7ec30000 of 64 bytes failed: Only part of a ReadProcessMemory or WriteProcessMemory request was completed. (0x12B)
[1112/224207.934:WARNING:pe_image_reader.cc(340)] could not read dos header from C:\WINDOWS\System32\WINTRUST.dll
[1112/224207.934:ERROR:process_memory_win.cc(73)] ReadMemory at 0x7ffc7e840000 of 64 bytes failed: Only part of a ReadProcessMemory or WriteProcessMemory request was completed. (0x12B)
[1112/224207.934:WARNING:pe_image_reader.cc(340)] could not read dos header from C:\WINDOWS\System32\MSASN1.dll
[1112/224207.935:ERROR:process_memory_win.cc(73)] ReadMemory at 0x7ffc7ee20000 of 64 bytes failed: Only part of a ReadProcessMemory or WriteProcessMemory request was completed. (0x12B)
[1112/224207.935:WARNING:pe_image_reader.cc(340)] could not read dos header from C:\WINDOWS\System32\CRYPT32.dll
[1112/224207.935:ERROR:process_memory_win.cc(73)] ReadMemory at 0x7ffc7dd20000 of 64 bytes failed: Only part of a ReadProcessMemory or WriteProcessMemory request was completed. (0x12B)
[1112/224207.935:WARNING:pe_image_reader.cc(340)] could not read dos header from C:\WINDOWS\SYSTEM32\IPHLPAPI.DLL
[1112/224207.935:ERROR:process_memory_win.cc(73)] ReadMemory at 0x7ffc7a610000 of 64 bytes failed: Only part of a ReadProcessMemory or WriteProcessMemory request was completed. (0x12B)
[1112/224207.935:WARNING:pe_image_reader.cc(340)] could not read dos header from C:\WINDOWS\SYSTEM32\WINMM.dll
[1112/224207.935:ERROR:process_memory_win.cc(73)] ReadMemory at 0x7ffc7e690000 of 64 bytes failed: Only part of a ReadProcessMemory or WriteProcessMemory request was completed. (0x12B)
[1112/224207.935:WARNING:pe_image_reader.cc(340)] could not read dos header from C:\WINDOWS\SYSTEM32\USERENV.dll
[1112/224207.935:ERROR:process_memory_win.cc(73)] ReadMemory at 0x7ffc7e7f0000 of 64 bytes failed: Only part of a ReadProcessMemory or WriteProcessMemory request was completed. (0x12B)
[1112/224207.935:WARNING:pe_image_reader.cc(340)] could not read dos header from C:\WINDOWS\System32\profapi.dll
[1112/224207.935:ERROR:process_memory_win.cc(73)] ReadMemory at 0x7ffc72d90000 of 64 bytes failed: Only part of a ReadProcessMemory or WriteProcessMemory request was completed. (0x12B)
[1112/224207.935:WARNING:pe_image_reader.cc(340)] could not read dos header from C:\WINDOWS\SYSTEM32\DWrite.dll
[1112/224207.935:ERROR:process_memory_win.cc(73)] ReadMemory at 0x7ffc639c0000 of 64 bytes failed: Only part of a ReadProcessMemory or WriteProcessMemory request was completed. (0x12B)
[1112/224207.935:WARNING:pe_image_reader.cc(340)] could not read dos header from C:\WINDOWS\SYSTEM32\WINSPOOL.DRV
[1112/224207.935:ERROR:process_memory_win.cc(73)] ReadMemory at 0x7ffc7e820000 of 64 bytes failed: Only part of a ReadProcessMemory or WriteProcessMemory request was completed. (0x12B)
[1112/224207.935:WARNING:pe_image_reader.cc(340)] could not read dos header from C:\WINDOWS\System32\kernel.appcore.dll
[1112/224207.935:ERROR:process_memory_win.cc(73)] ReadMemory at 0x7ffc7ec00000 of 64 bytes failed: Only part of a ReadProcessMemory or WriteProcessMemory request was completed. (0x12B)
[1112/224207.935:WARNING:pe_image_reader.cc(340)] could not read dos header from C:\WINDOWS\System32\bcrypt.dll
[1112/224207.936:ERROR:process_memory_win.cc(73)] ReadMemory at 0x7ffc4e5e0000 of 64 bytes failed: Only part of a ReadProcessMemory or WriteProcessMemory request was completed. (0x12B)
[1112/224207.936:WARNING:pe_image_reader.cc(340)] could not read dos header from C:\WINDOWS\SYSTEM32\dbghelp.dll
[1112/224207.936:ERROR:process_memory_win.cc(73)] ReadMemory at 0x7ffc70910000 of 64 bytes failed: Only part of a ReadProcessMemory or WriteProcessMemory request was completed. (0x12B)
[1112/224207.936:WARNING:pe_image_reader.cc(340)] could not read dos header from C:\WINDOWS\SYSTEM32\Secur32.dll
[1112/224207.936:ERROR:process_memory_win.cc(73)] ReadMemory at 0x7ffc70950000 of 64 bytes failed: Only part of a ReadProcessMemory or WriteProcessMemory request was completed. (0x12B)
[1112/224207.936:WARNING:pe_image_reader.cc(340)] could not read dos header from C:\WINDOWS\SYSTEM32\WINHTTP.dll
[1112/224207.936:ERROR:process_memory_win.cc(73)] ReadMemory at 0x7ffc78370000 of 64 bytes failed: Only part of a ReadProcessMemory or WriteProcessMemory request was completed. (0x12B)
[1112/224207.936:WARNING:pe_image_reader.cc(340)] could not read dos header from C:\WINDOWS\SYSTEM32\dhcpcsvc.DLL
[1112/224207.936:ERROR:process_memory_win.cc(73)] ReadMemory at 0x7ffc82230000 of 64 bytes failed: Only part of a ReadProcessMemory or WriteProcessMemory request was completed. (0x12B)
[1112/224207.936:WARNING:pe_image_reader.cc(340)] could not read dos header from C:\WINDOWS\System32\NSI.dll
[1112/224207.936:ERROR:process_memory_win.cc(73)] ReadMemory at 0x7ffc7a5e0000 of 64 bytes failed: Only part of a ReadProcessMemory or WriteProcessMemory request was completed. (0x12B)
[1112/224207.936:WARNING:pe_image_reader.cc(340)] could not read dos header from C:\WINDOWS\SYSTEM32\WINMMBASE.dll
[1112/224207.936:ERROR:process_memory_win.cc(73)] ReadMemory at 0x7ffc7f080000 of 64 bytes failed: Only part of a ReadProcessMemory or WriteProcessMemory request was completed. (0x12B)
[1112/224207.936:WARNING:pe_image_reader.cc(340)] could not read dos header from C:\WINDOWS\System32\cfgmgr32.dll
[1112/224207.936:ERROR:process_memory_win.cc(73)] ReadMemory at 0x7ffc7a1f0000 of 64 bytes failed: Only part of a ReadProcessMemory or WriteProcessMemory request was completed. (0x12B)
[1112/224207.936:WARNING:pe_image_reader.cc(340)] could not read dos header from C:\WINDOWS\SYSTEM32\PROPSYS.dll
[1112/224207.936:ERROR:process_memory_win.cc(73)] ReadMemory at 0x7ffc7ffb0000 of 64 bytes failed: Only part of a ReadProcessMemory or WriteProcessMemory request was completed. (0x12B)
[1112/224207.936:WARNING:pe_image_reader.cc(340)] could not read dos header from C:\WINDOWS\System32\shcore.dll
[1112/224207.936:ERROR:process_memory_win.cc(73)] ReadMemory at 0x7ffc7e6c0000 of 64 bytes failed: Only part of a ReadProcessMemory or WriteProcessMemory request was completed. (0x12B)
[1112/224207.936:WARNING:pe_image_reader.cc(340)] could not read dos header from C:\WINDOWS\SYSTEM32\SSPICLI.DLL
[1112/224207.936:ERROR:process_memory_win.cc(73)] ReadMemory at 0x7ffc7e1d0000 of 64 bytes failed: Only part of a ReadProcessMemory or WriteProcessMemory request was completed. (0x12B)
[1112/224207.936:WARNING:pe_image_reader.cc(340)] could not read dos header from C:\WINDOWS\SYSTEM32\CRYPTBASE.DLL
[1112/224207.970:ERROR:process_memory_win.cc(73)] ReadMemory at 0xcd28df8000 of 32768 bytes failed: Only part of a ReadProcessMemory or WriteProcessMemory request was completed. (0x12B)
[1112/224207.970:ERROR:process_memory_win.cc(73)] ReadMemory at 0xcd295fd000 of 12288 bytes failed: Only part of a ReadProcessMemory or WriteProcessMemory request was completed. (0x12B)
[1112/224207.970:ERROR:process_memory_win.cc(73)] ReadMemory at 0xcd29dfd000 of 12288 bytes failed: Only part of a ReadProcessMemory or WriteProcessMemory request was completed. (0x12B)
[1112/224207.970:ERROR:process_memory_win.cc(73)] ReadMemory at 0xcd2a5fc000 of 16384 bytes failed: Only part of a ReadProcessMemory or WriteProcessMemory request was completed. (0x12B)
[1112/224207.970:ERROR:process_memory_win.cc(73)] ReadMemory at 0xcd2adfc000 of 16384 bytes failed: Only part of a ReadProcessMemory or WriteProcessMemory request was completed. (0x12B)
[1112/224207.970:ERROR:process_memory_win.cc(73)] ReadMemory at 0xcd2b5fe000 of 8192 bytes failed: Only part of a ReadProcessMemory or WriteProcessMemory request was completed. (0x12B)
[1112/224207.970:ERROR:process_memory_win.cc(73)] ReadMemory at 0xcd2bdfd000 of 12288 bytes failed: Only part of a ReadProcessMemory or WriteProcessMemory request was completed. (0x12B)
[1112/224207.971:ERROR:process_memory_win.cc(73)] ReadMemory at 0xcd2c5fc000 of 16384 bytes failed: Only part of a ReadProcessMemory or WriteProcessMemory request was completed. (0x12B)
[1112/224207.971:ERROR:process_memory_win.cc(73)] ReadMemory at 0xcd2cdfd000 of 12288 bytes failed: Only part of a ReadProcessMemory or WriteProcessMemory request was completed. (0x12B)
[1112/224207.971:ERROR:process_memory_win.cc(73)] ReadMemory at 0xcd2d5fd000 of 12288 bytes failed: Only part of a ReadProcessMemory or WriteProcessMemory request was completed. (0x12B)
[1112/224207.971:ERROR:process_memory_win.cc(73)] ReadMemory at 0xcd2ddfd000 of 12288 bytes failed: Only part of a ReadProcessMemory or WriteProcessMemory request was completed. (0x12B)
[1112/224207.971:ERROR:process_memory_win.cc(73)] ReadMemory at 0xcd2e5fd000 of 12288 bytes failed: Only part of a ReadProcessMemory or WriteProcessMemory request was completed. (0x12B)
[1112/224207.971:ERROR:process_memory_win.cc(73)] ReadMemory at 0xcd2edfd000 of 12288 bytes failed: Only part of a ReadProcessMemory or WriteProcessMemory request was completed. (0x12B)
[1112/224207.971:ERROR:process_memory_win.cc(73)] ReadMemory at 0xcd2f5ff000 of 4096 bytes failed: Only part of a ReadProcessMemory or WriteProcessMemory request was completed. (0x12B)
[1112/224207.972:ERROR:process_memory_win.cc(73)] ReadMemory at 0xcd28516000 of 852 bytes failed: Only part of a ReadProcessMemory or WriteProcessMemory request was completed. (0x12B)
[1112/224207.972:ERROR:process_memory_win.cc(73)] ReadMemory at 0xcd28517000 of 6024 bytes failed: Only part of a ReadProcessMemory or WriteProcessMemory request was completed. (0x12B)
[1112/224207.972:ERROR:process_memory_win.cc(73)] ReadMemory at 0xcd28519000 of 6024 bytes failed: Only part of a ReadProcessMemory or WriteProcessMemory request was completed. (0x12B)
[1112/224207.972:ERROR:process_memory_win.cc(73)] ReadMemory at 0xcd2851b000 of 6024 bytes failed: Only part of a ReadProcessMemory or WriteProcessMemory request was completed. (0x12B)
[1112/224207.972:ERROR:process_memory_win.cc(73)] ReadMemory at 0xcd2851d000 of 6024 bytes failed: Only part of a ReadProcessMemory or WriteProcessMemory request was completed. (0x12B)
[1112/224207.972:ERROR:process_memory_win.cc(73)] ReadMemory at 0xcd2851f000 of 6024 bytes failed: Only part of a ReadProcessMemory or WriteProcessMemory request was completed. (0x12B)
[1112/224207.972:ERROR:process_memory_win.cc(73)] ReadMemory at 0xcd28521000 of 6024 bytes failed: Only part of a ReadProcessMemory or WriteProcessMemory request was completed. (0x12B)
[1112/224207.973:ERROR:process_memory_win.cc(73)] ReadMemory at 0xcd28523000 of 6024 bytes failed: Only part of a ReadProcessMemory or WriteProcessMemory request was completed. (0x12B)
[1112/224207.973:ERROR:process_memory_win.cc(73)] ReadMemory at 0xcd28525000 of 6024 bytes failed: Only part of a ReadProcessMemory or WriteProcessMemory request was completed. (0x12B)
[1112/224207.973:ERROR:process_memory_win.cc(73)] ReadMemory at 0xcd28527000 of 6024 bytes failed: Only part of a ReadProcessMemory or WriteProcessMemory request was completed. (0x12B)
[1112/224207.973:ERROR:process_memory_win.cc(73)] ReadMemory at 0xcd28529000 of 6024 bytes failed: Only part of a ReadProcessMemory or WriteProcessMemory request was completed. (0x12B)
[1112/224207.973:ERROR:process_memory_win.cc(73)] ReadMemory at 0xcd2852b000 of 6024 bytes failed: Only part of a ReadProcessMemory or WriteProcessMemory request was completed. (0x12B)
[1112/224207.973:ERROR:process_memory_win.cc(73)] ReadMemory at 0xcd2852d000 of 6024 bytes failed: Only part of a ReadProcessMemory or WriteProcessMemory request was completed. (0x12B)
[1112/224207.973:ERROR:process_memory_win.cc(73)] ReadMemory at 0xcd2852f000 of 6024 bytes failed: Only part of a ReadProcessMemory or WriteProcessMemory request was completed. (0x12B)
[1112/224207.973:ERROR:process_memory_win.cc(73)] ReadMemory at 0xcd28531000 of 6024 bytes failed: Only part of a ReadProcessMemory or WriteProcessMemory request was completed. (0x12B)
[1112/224207.973:ERROR:process_memory_win.cc(73)] ReadMemory at 0x22300050c40 of 512 bytes failed: Only part of a ReadProcessMemory or WriteProcessMemory request was completed. (0x12B)
[1112/224207.973:ERROR:process_memory_win.cc(73)] ReadMemory at 0x22300050f40 of 512 bytes failed: Only part of a ReadProcessMemory or WriteProcessMemory request was completed. (0x12B)
[1112/224207.974:ERROR:process_memory_win.cc(73)] ReadMemory at 0x223000d6aa0 of 800 bytes failed: Only part of a ReadProcessMemory or WriteProcessMemory request was completed. (0x12B)
[1112/224207.974:ERROR:process_memory_win.cc(73)] ReadMemory at 0x223000dda60 of 512 bytes failed: Only part of a ReadProcessMemory or WriteProcessMemory request was completed. (0x12B)
[1112/224207.974:ERROR:process_memory_win.cc(73)] ReadMemory at 0x223000fc2b8 of 512 bytes failed: Only part of a ReadProcessMemory or WriteProcessMemory request was completed. (0x12B)
[1112/224207.974:ERROR:process_memory_win.cc(73)] ReadMemory at 0x22300117a28 of 512 bytes failed: Only part of a ReadProcessMemory or WriteProcessMemory request was completed. (0x12B)
[1112/224207.974:ERROR:process_memory_win.cc(73)] ReadMemory at 0x22300118958 of 512 bytes failed: Only part of a ReadProcessMemory or WriteProcessMemory request was completed. (0x12B)
[1112/224207.974:ERROR:process_memory_win.cc(73)] ReadMemory at 0x2230011dde0 of 712 bytes failed: Only part of a ReadProcessMemory or WriteProcessMemory request was completed. (0x12B)
[1112/224207.974:ERROR:process_memory_win.cc(73)] ReadMemory at 0x22300154720 of 512 bytes failed: Only part of a ReadProcessMemory or WriteProcessMemory request was completed. (0x12B)
[1112/224207.974:ERROR:process_memory_win.cc(73)] ReadMemory at 0x2230200d880 of 512 bytes failed: Only part of a ReadProcessMemory or WriteProcessMemory request was completed. (0x12B)
[1112/224207.974:ERROR:process_memory_win.cc(73)] ReadMemory at 0x2230200edc0 of 512 bytes failed: Only part of a ReadProcessMemory or WriteProcessMemory request was completed. (0x12B)
[1112/224207.974:ERROR:process_memory_win.cc(73)] ReadMemory at 0x22302017ce8 of 512 bytes failed: Only part of a ReadProcessMemory or WriteProcessMemory request was completed. (0x12B)
[1112/224207.974:ERROR:process_memory_win.cc(73)] ReadMemory at 0x22302021278 of 512 bytes failed: Only part of a ReadProcessMemory or WriteProcessMemory request was completed. (0x12B)
[1112/224207.974:ERROR:process_memory_win.cc(73)] ReadMemory at 0x22302038f50 of 512 bytes failed: Only part of a ReadProcessMemory or WriteProcessMemory request was completed. (0x12B)
[1112/224207.974:ERROR:process_memory_win.cc(73)] ReadMemory at 0x22302039b50 of 512 bytes failed: Only part of a ReadProcessMemory or WriteProcessMemory request was completed. (0x12B)
[1112/224207.974:ERROR:process_memory_win.cc(73)] ReadMemory at 0x223020443a0 of 512 bytes failed: Only part of a ReadProcessMemory or WriteProcessMemory request was completed. (0x12B)
[1112/224207.975:ERROR:process_memory_win.cc(73)] ReadMemory at 0x22302110cb0 of 512 bytes failed: Only part of a ReadProcessMemory or WriteProcessMemory request was completed. (0x12B)
[1112/224207.975:ERROR:process_memory_win.cc(73)] ReadMemory at 0x22302111f10 of 512 bytes failed: Only part of a ReadProcessMemory or WriteProcessMemory request was completed. (0x12B)
[1112/224207.975:ERROR:process_memory_win.cc(73)] ReadMemory at 0x22302db6900 of 512 bytes failed: Only part of a ReadProcessMemory or WriteProcessMemory request was completed. (0x12B)
[1112/224207.975:ERROR:process_memory_win.cc(73)] ReadMemory at 0x2237b070fe0 of 18668 bytes failed: Only part of a ReadProcessMemory or WriteProcessMemory request was completed. (0x12B)
[1112/224207.975:ERROR:process_memory_win.cc(73)] ReadMemory at 0x2237b0758e0 of 1012 bytes failed: Only part of a ReadProcessMemory or WriteProcessMemory request was completed. (0x12B)
[1112/224207.975:ERROR:process_memory_win.cc(73)] ReadMemory at 0x2237b075f08 of 118 bytes failed: Only part of a ReadProcessMemory or WriteProcessMemory request was completed. (0x12B)
[1112/224207.975:ERROR:process_memory_win.cc(73)] ReadMemory at 0x2237b075f80 of 856 bytes failed: Only part of a ReadProcessMemory or WriteProcessMemory request was completed. (0x12B)
[1112/224207.975:ERROR:process_memory_win.cc(73)] ReadMemory at 0x2237b0762da of 118 bytes failed: Only part of a ReadProcessMemory or WriteProcessMemory request was completed. (0x12B)
[1112/224207.975:ERROR:process_memory_win.cc(73)] ReadMemory at 0x2237b076352 of 102 bytes failed: Only part of a ReadProcessMemory or WriteProcessMemory request was completed. (0x12B)
[1112/224207.975:ERROR:process_memory_win.cc(73)] ReadMemory at 0x2237b0763d0 of 58 bytes failed: Only part of a ReadProcessMemory or WriteProcessMemory request was completed. (0x12B)
[1112/224207.975:ERROR:process_memory_win.cc(73)] ReadMemory at 0x2237b0764d0 of 132 bytes failed: Only part of a ReadProcessMemory or WriteProcessMemory request was completed. (0x12B)
[1112/224207.975:ERROR:process_memory_win.cc(73)] ReadMemory at 0x2237b076660 of 132 bytes failed: Only part of a ReadProcessMemory or WriteProcessMemory request was completed. (0x12B)
[1112/224207.976:ERROR:process_memory_win.cc(73)] ReadMemory at 0x2237b076820 of 124 bytes failed: Only part of a ReadProcessMemory or WriteProcessMemory request was completed. (0x12B)
[1112/224207.976:ERROR:process_memory_win.cc(73)] ReadMemory at 0x2237b076c00 of 132 bytes failed: Only part of a ReadProcessMemory or WriteProcessMemory request was completed. (0x12B)
[1112/224207.976:ERROR:process_memory_win.cc(73)] ReadMemory at 0x2237b076d90 of 64 bytes failed: Only part of a ReadProcessMemory or WriteProcessMemory request was completed. (0x12B)
[1112/224207.976:ERROR:process_memory_win.cc(73)] ReadMemory at 0x2237b076f50 of 132 bytes failed: Only part of a ReadProcessMemory or WriteProcessMemory request was completed. (0x12B)
[1112/224207.976:ERROR:process_memory_win.cc(73)] ReadMemory at 0x2237b0771f0 of 132 bytes failed: Only part of a ReadProcessMemory or WriteProcessMemory request was completed. (0x12B)
[1112/224207.976:ERROR:process_memory_win.cc(73)] ReadMemory at 0x2237b077380 of 68 bytes failed: Only part of a ReadProcessMemory or WriteProcessMemory request was completed. (0x12B)
[1112/224207.976:ERROR:process_memory_win.cc(73)] ReadMemory at 0x2237b078290 of 156 bytes failed: Only part of a ReadProcessMemory or WriteProcessMemory request was completed. (0x12B)
[1112/224207.976:ERROR:process_memory_win.cc(73)] ReadMemory at 0x2237b078370 of 132 bytes failed: Only part of a ReadProcessMemory or WriteProcessMemory request was completed. (0x12B)
[1112/224207.976:ERROR:process_memory_win.cc(73)] ReadMemory at 0x2237b078500 of 152 bytes failed: Only part of a ReadProcessMemory or WriteProcessMemory request was completed. (0x12B)
[1112/224207.976:ERROR:process_memory_win.cc(73)] ReadMemory at 0x2237b079030 of 132 bytes failed: Only part of a ReadProcessMemory or WriteProcessMemory request was completed. (0x12B)
[1112/224207.976:ERROR:process_memory_win.cc(73)] ReadMemory at 0x2237b079320 of 62 bytes failed: Only part of a ReadProcessMemory or WriteProcessMemory request was completed. (0x12B)
[1112/224207.976:ERROR:process_memory_win.cc(73)] ReadMemory at 0x2237b079480 of 132 bytes failed: Only part of a ReadProcessMemory or WriteProcessMemory request was completed. (0x12B)
[1112/224207.976:ERROR:process_memory_win.cc(73)] ReadMemory at 0x2237b079610 of 60 bytes failed: Only part of a ReadProcessMemory or WriteProcessMemory request was completed. (0x12B)
[1112/224207.977:ERROR:process_memory_win.cc(73)] ReadMemory at 0x2237b079990 of 132 bytes failed: Only part of a ReadProcessMemory or WriteProcessMemory request was completed. (0x12B)
[1112/224207.977:ERROR:process_memory_win.cc(73)] ReadMemory at 0x2237b07b14a of 512 bytes failed: Only part of a ReadProcessMemory or WriteProcessMemory request was completed. (0x12B)
[1112/224207.977:ERROR:process_memory_win.cc(73)] ReadMemory at 0x2237b07b560 of 132 bytes failed: Only part of a ReadProcessMemory or WriteProcessMemory request was completed. (0x12B)
[1112/224207.977:ERROR:process_memory_win.cc(73)] ReadMemory at 0x2237b07b690 of 132 bytes failed: Only part of a ReadProcessMemory or WriteProcessMemory request was completed. (0x12B)
[1112/224207.977:ERROR:process_memory_win.cc(73)] ReadMemory at 0x2237b07b8a0 of 132 bytes failed: Only part of a ReadProcessMemory or WriteProcessMemory request was completed. (0x12B)
[1112/224207.977:ERROR:process_memory_win.cc(73)] ReadMemory at 0x2237b07e030 of 132 bytes failed: Only part of a ReadProcessMemory or WriteProcessMemory request was completed. (0x12B)
[1112/224207.977:ERROR:process_memory_win.cc(73)] ReadMemory at 0x2237b07e160 of 132 bytes failed: Only part of a ReadProcessMemory or WriteProcessMemory request was completed. (0x12B)
[1112/224207.977:ERROR:process_memory_win.cc(73)] ReadMemory at 0x2237b07e2f0 of 80 bytes failed: Only part of a ReadProcessMemory or WriteProcessMemory request was completed. (0x12B)
[1112/224207.977:ERROR:process_memory_win.cc(73)] ReadMemory at 0x2237b07e4e0 of 66 bytes failed: Only part of a ReadProcessMemory or WriteProcessMemory request was completed. (0x12B)
[1112/224207.977:ERROR:process_memory_win.cc(73)] ReadMemory at 0x2237b07e580 of 64 bytes failed: Only part of a ReadProcessMemory or WriteProcessMemory request was completed. (0x12B)
[1112/224207.977:ERROR:process_memory_win.cc(73)] ReadMemory at 0x2237b07e7b0 of 62 bytes failed: Only part of a ReadProcessMemory or WriteProcessMemory request was completed. (0x12B)
[1112/224207.977:ERROR:process_memory_win.cc(73)] ReadMemory at 0x2237b07e800 of 64 bytes failed: Only part of a ReadProcessMemory or WriteProcessMemory request was completed. (0x12B)
[1112/224207.977:ERROR:process_memory_win.cc(73)] ReadMemory at 0x2237b07e850 of 62 bytes failed: Only part of a ReadProcessMemory or WriteProcessMemory request was completed. (0x12B)
[1112/224207.977:ERROR:process_memory_win.cc(73)] ReadMemory at 0x2237b07e8a0 of 64 bytes failed: Only part of a ReadProcessMemory or WriteProcessMemory request was completed. (0x12B)
[1112/224207.978:ERROR:process_memory_win.cc(73)] ReadMemory at 0x2237b07ea30 of 60 bytes failed: Only part of a ReadProcessMemory or WriteProcessMemory request was completed. (0x12B)
[1112/224207.978:ERROR:process_memory_win.cc(73)] ReadMemory at 0x2237b07ead0 of 64 bytes failed: Only part of a ReadProcessMemory or WriteProcessMemory request was completed. (0x12B)
[1112/224207.978:ERROR:process_memory_win.cc(73)] ReadMemory at 0x2237b07eb20 of 60 bytes failed: Only part of a ReadProcessMemory or WriteProcessMemory request was completed. (0x12B)
[1112/224207.978:ERROR:process_memory_win.cc(73)] ReadMemory at 0x2237b07fca0 of 76 bytes failed: Only part of a ReadProcessMemory or WriteProcessMemory request was completed. (0x12B)
[1112/224207.978:ERROR:process_memory_win.cc(73)] ReadMemory at 0x2237b082710 of 132 bytes failed: Only part of a ReadProcessMemory or WriteProcessMemory request was completed. (0x12B)
[1112/224207.978:ERROR:process_memory_win.cc(73)] ReadMemory at 0x2237b0839d0 of 132 bytes failed: Only part of a ReadProcessMemory or WriteProcessMemory request was completed. (0x12B)
[1112/224207.978:ERROR:process_memory_win.cc(73)] ReadMemory at 0x2237b083d40 of 132 bytes failed: Only part of a ReadProcessMemory or WriteProcessMemory request was completed. (0x12B)
[1112/224207.978:ERROR:process_memory_win.cc(73)] ReadMemory at 0x2237b083e70 of 132 bytes failed: Only part of a ReadProcessMemory or WriteProcessMemory request was completed. (0x12B)
[1112/224207.978:ERROR:process_memory_win.cc(73)] ReadMemory at 0x2237b083fa0 of 132 bytes failed: Only part of a ReadProcessMemory or WriteProcessMemory request was completed. (0x12B)
[1112/224207.978:ERROR:process_memory_win.cc(73)] ReadMemory at 0x2237b0840d0 of 132 bytes failed: Only part of a ReadProcessMemory or WriteProcessMemory request was completed. (0x12B)
[1112/224207.978:ERROR:process_memory_win.cc(73)] ReadMemory at 0x2237b084330 of 132 bytes failed: Only part of a ReadProcessMemory or WriteProcessMemory request was completed. (0x12B)
[1112/224207.978:ERROR:process_memory_win.cc(73)] ReadMemory at 0x2237b084460 of 132 bytes failed: Only part of a ReadProcessMemory or WriteProcessMemory request was completed. (0x12B)
[1112/224207.978:ERROR:process_memory_win.cc(73)] ReadMemory at 0x2237b084590 of 132 bytes failed: Only part of a ReadProcessMemory or WriteProcessMemory request was completed. (0x12B)
[1112/224207.979:ERROR:process_memory_win.cc(73)] ReadMemory at 0x2237b0846c0 of 132 bytes failed: Only part of a ReadProcessMemory or WriteProcessMemory request was completed. (0x12B)
[1112/224207.979:ERROR:process_memory_win.cc(73)] ReadMemory at 0x2237b0847f0 of 132 bytes failed: Only part of a ReadProcessMemory or WriteProcessMemory request was completed. (0x12B)
[1112/224207.979:ERROR:process_memory_win.cc(73)] ReadMemory at 0x2237b084920 of 132 bytes failed: Only part of a ReadProcessMemory or WriteProcessMemory request was completed. (0x12B)
[1112/224207.979:ERROR:process_memory_win.cc(73)] ReadMemory at 0x2237b084a50 of 132 bytes failed: Only part of a ReadProcessMemory or WriteProcessMemory request was completed. (0x12B)
[1112/224207.979:ERROR:process_memory_win.cc(73)] ReadMemory at 0x2237b084b80 of 132 bytes failed: Only part of a ReadProcessMemory or WriteProcessMemory request was completed. (0x12B)
[1112/224207.979:ERROR:process_memory_win.cc(73)] ReadMemory at 0x2237b085b10 of 132 bytes failed: Only part of a ReadProcessMemory or WriteProcessMemory request was completed. (0x12B)
[1112/224207.979:ERROR:process_memory_win.cc(73)] ReadMemory at 0x2237b087580 of 60 bytes failed: Only part of a ReadProcessMemory or WriteProcessMemory request was completed. (0x12B)
[1112/224207.979:ERROR:process_memory_win.cc(73)] ReadMemory at 0x2237b087710 of 64 bytes failed: Only part of a ReadProcessMemory or WriteProcessMemory request was completed. (0x12B)
[1112/224207.979:ERROR:process_memory_win.cc(73)] ReadMemory at 0x2237b087760 of 62 bytes failed: Only part of a ReadProcessMemory or WriteProcessMemory request was completed. (0x12B)
[1112/224207.979:ERROR:process_memory_win.cc(73)] ReadMemory at 0x2237b0877b0 of 64 bytes failed: Only part of a ReadProcessMemory or WriteProcessMemory request was completed. (0x12B)
[1112/224207.979:ERROR:process_memory_win.cc(73)] ReadMemory at 0x2237b087850 of 62 bytes failed: Only part of a ReadProcessMemory or WriteProcessMemory request was completed. (0x12B)
[1112/224207.980:ERROR:process_memory_win.cc(73)] ReadMemory at 0x2237b0878a0 of 62 bytes failed: Only part of a ReadProcessMemory or WriteProcessMemory request was completed. (0x12B)
[1112/224207.980:ERROR:process_memory_win.cc(73)] ReadMemory at 0x2237b0878f0 of 62 bytes failed: Only part of a ReadProcessMemory or WriteProcessMemory request was completed. (0x12B)
[1112/224207.980:ERROR:process_memory_win.cc(73)] ReadMemory at 0x2237b087940 of 62 bytes failed: Only part of a ReadProcessMemory or WriteProcessMemory request was completed. (0x12B)
[1112/224207.980:ERROR:process_memory_win.cc(73)] ReadMemory at 0x2237b087ad0 of 58 bytes failed: Only part of a ReadProcessMemory or WriteProcessMemory request was completed. (0x12B)
[1112/224207.980:ERROR:process_memory_win.cc(73)] ReadMemory at 0x2237b087b70 of 66 bytes failed: Only part of a ReadProcessMemory or WriteProcessMemory request was completed. (0x12B)
[1112/224207.980:ERROR:process_memory_win.cc(73)] ReadMemory at 0x2237b087c10 of 60 bytes failed: Only part of a ReadProcessMemory or WriteProcessMemory request was completed. (0x12B)
[1112/224207.980:ERROR:process_memory_win.cc(73)] ReadMemory at 0x2237b087c60 of 62 bytes failed: Only part of a ReadProcessMemory or WriteProcessMemory request was completed. (0x12B)
[1112/224207.980:ERROR:process_memory_win.cc(73)] ReadMemory at 0x2237b087d00 of 60 bytes failed: Only part of a ReadProcessMemory or WriteProcessMemory request was completed. (0x12B)
[1112/224207.980:ERROR:process_memory_win.cc(73)] ReadMemory at 0x2237b087fd0 of 60 bytes failed: Only part of a ReadProcessMemory or WriteProcessMemory request was completed. (0x12B)
[1112/224207.980:ERROR:process_memory_win.cc(73)] ReadMemory at 0x2237b0880c0 of 62 bytes failed: Only part of a ReadProcessMemory or WriteProcessMemory request was completed. (0x12B)
[1112/224207.980:ERROR:process_memory_win.cc(73)] ReadMemory at 0x2237b088110 of 64 bytes failed: Only part of a ReadProcessMemory or WriteProcessMemory request was completed. (0x12B)
[1112/224207.981:ERROR:process_memory_win.cc(73)] ReadMemory at 0x2237b0883e0 of 62 bytes failed: Only part of a ReadProcessMemory or WriteProcessMemory request was completed. (0x12B)
[1112/224207.981:ERROR:process_memory_win.cc(73)] ReadMemory at 0x2237b088480 of 64 bytes failed: Only part of a ReadProcessMemory or WriteProcessMemory request was completed. (0x12B)
[1112/224207.981:ERROR:process_memory_win.cc(73)] ReadMemory at 0x2237b08b740 of 54 bytes failed: Only part of a ReadProcessMemory or WriteProcessMemory request was completed. (0x12B)
[1112/224207.981:ERROR:process_memory_win.cc(73)] ReadMemory at 0x2237b08d090 of 132 bytes failed: Only part of a ReadProcessMemory or WriteProcessMemory request was completed. (0x12B)
[1112/224207.981:ERROR:process_memory_win.cc(73)] ReadMemory at 0x2237b08d1c0 of 132 bytes failed: Only part of a ReadProcessMemory or WriteProcessMemory request was completed. (0x12B)
[1112/224207.981:ERROR:process_memory_win.cc(73)] ReadMemory at 0x2237b08d2f0 of 132 bytes failed: Only part of a ReadProcessMemory or WriteProcessMemory request was completed. (0x12B)
[1112/224207.981:ERROR:process_memory_win.cc(73)] ReadMemory at 0x2237b08d420 of 132 bytes failed: Only part of a ReadProcessMemory or WriteProcessMemory request was completed. (0x12B)
[1112/224207.981:ERROR:process_memory_win.cc(73)] ReadMemory at 0x2237b08d550 of 132 bytes failed: Only part of a ReadProcessMemory or WriteProcessMemory request was completed. (0x12B)
[1112/224207.981:ERROR:process_memory_win.cc(73)] ReadMemory at 0x2237b08da10 of 132 bytes failed: Only part of a ReadProcessMemory or WriteProcessMemory request was completed. (0x12B)
[1112/224207.982:ERROR:process_memory_win.cc(73)] ReadMemory at 0x2237b08db40 of 132 bytes failed: Only part of a ReadProcessMemory or WriteProcessMemory request was completed. (0x12B)
[1112/224207.982:ERROR:process_memory_win.cc(73)] ReadMemory at 0x2237b08e260 of 132 bytes failed: Only part of a ReadProcessMemory or WriteProcessMemory request was completed. (0x12B)
[1112/224207.982:ERROR:process_memory_win.cc(73)] ReadMemory at 0x2237b08e4c0 of 132 bytes failed: Only part of a ReadProcessMemory or WriteProcessMemory request was completed. (0x12B)
[1112/224207.982:ERROR:process_memory_win.cc(73)] ReadMemory at 0x2237b0a2e20 of 512 bytes failed: Only part of a ReadProcessMemory or WriteProcessMemory request was completed. (0x12B)
[1112/224207.982:ERROR:process_memory_win.cc(73)] ReadMemory at 0x2237b0a3d70 of 512 bytes failed: Only part of a ReadProcessMemory or WriteProcessMemory request was completed. (0x12B)
[1112/224207.982:ERROR:process_memory_win.cc(73)] ReadMemory at 0x7ffc2cfc163a of 512 bytes failed: Only part of a ReadProcessMemory or WriteProcessMemory request was completed. (0x12B)
[1112/224207.982:ERROR:process_memory_win.cc(73)] ReadMemory at 0x7ffc2ea0c340 of 652 bytes failed: Only part of a ReadProcessMemory or WriteProcessMemory request was completed. (0x12B)
[1112/224207.982:ERROR:process_memory_win.cc(73)] ReadMemory at 0x7ffc2f174f84 of 553 bytes failed: Only part of a ReadProcessMemory or WriteProcessMemory request was completed. (0x12B)
[1112/224207.982:ERROR:process_memory_win.cc(73)] ReadMemory at 0x7ffc32143250 of 512 bytes failed: Only part of a ReadProcessMemory or WriteProcessMemory request was completed. (0x12B)
[1112/224207.982:ERROR:process_memory_win.cc(73)] ReadMemory at 0x7ffc6bfabf0a of 512 bytes failed: Only part of a ReadProcessMemory or WriteProcessMemory request was completed. (0x12B)
[1112/224207.982:ERROR:process_memory_win.cc(73)] ReadMemory at 0x7ffc827eff00 of 512 bytes failed: Only part of a ReadProcessMemory or WriteProcessMemory request was completed. (0x12B)
[1112/224207.982:ERROR:process_memory_win.cc(73)] ReadMemory at 0x7ffc8280a1d0 of 512 bytes failed: Only part of a ReadProcessMemory or WriteProcessMemory request was completed. (0x12B)
[1112/224207.983:ERROR:process_memory_win.cc(73)] ReadMemory at 0x7ffc8283f764 of 832 bytes failed: Only part of a ReadProcessMemory or WriteProcessMemory request was completed. (0x12B)
[1112/224207.983:ERROR:process_memory_win.cc(73)] ReadMemory at 0x7ffc82842ff4 of 608 bytes failed: Only part of a ReadProcessMemory or WriteProcessMemory request was completed. (0x12B)
[1112/224207.983:ERROR:process_memory_win.cc(73)] ReadMemory at 0x7ffc828cc0c8 of 18 bytes failed: Only part of a ReadProcessMemory or WriteProcessMemory request was completed. (0x12B)
[1112/224207.983:ERROR:process_memory_win.cc(73)] ReadMemory at 0x7ffc828ff4f8 of 40 bytes failed: Only part of a ReadProcessMemory or WriteProcessMemory request was completed. (0x12B)
[1112/224207.983:ERROR:process_memory_win.cc(73)] ReadMemory at 0x7ffc828ff978 of 48 bytes failed: Only part of a ReadProcessMemory or WriteProcessMemory request was completed. (0x12B)
[1112/224207.983:ERROR:process_memory_win.cc(73)] ReadMemory at 0x7ffc829053a0 of 64 bytes failed: Only part of a ReadProcessMemory or WriteProcessMemory request was completed. (0x12B)
[1112/224207.984:ERROR:crash_report_database_win.cc(469)] failed to stat report
[1112/224207.984:ERROR:crash_report_database_win.cc(469)] failed to stat report
[1112/224207.984:ERROR:crash_report_database_win.cc(469)] failed to stat report
[1112/224207.984:ERROR:crash_report_database_win.cc(469)] failed to stat report
[1112/224207.986:ERROR:crash_report_database_win.cc(469)] failed to stat report
[1112/224207.986:ERROR:crash_report_database_win.cc(469)] failed to stat report
[1112/224207.986:ERROR:crash_report_database_win.cc(469)] failed to stat report
[1112/224207.986:ERROR:crash_report_database_win.cc(469)] failed to stat report
[1112/224207.987:ERROR:crash_report_database_win.cc(469)] failed to stat report
[1112/224207.987:ERROR:crash_report_database_win.cc(469)] failed to stat report
[1112/224207.987:ERROR:crash_report_database_win.cc(469)] failed to stat report
[1112/224207.987:ERROR:crash_report_database_win.cc(469)] failed to stat report
[1112/224207.989:ERROR:crash_report_database_win.cc(469)] failed to stat report
[1112/224207.989:ERROR:crash_report_database_win.cc(469)] failed to stat report
[1112/224207.989:ERROR:crash_report_database_win.cc(469)] failed to stat report
[1112/224207.989:ERROR:crash_report_database_win.cc(469)] failed to stat report
[1112/224207.986:ERROR:scoped_process_suspend.cc(40)] NtResumeProcess: An attempt was made to access an exiting process. (0xc000010a)
[1112/225707.990:ERROR:crash_report_database_win.cc(469)] failed to stat report
[1112/225707.990:ERROR:crash_report_database_win.cc(469)] failed to stat report
[1112/225707.990:ERROR:crash_report_database_win.cc(469)] failed to stat report
[1112/225707.990:ERROR:crash_report_database_win.cc(469)] failed to stat report
[1112/231207.990:ERROR:crash_report_database_win.cc(469)] failed to stat report
[1112/231207.990:ERROR:crash_report_database_win.cc(469)] failed to stat report
[1112/231207.990:ERROR:crash_report_database_win.cc(469)] failed to stat report
[1112/231207.990:ERROR:crash_report_database_win.cc(469)] failed to stat report
[1112/232707.992:ERROR:crash_report_database_win.cc(469)] failed to stat report
[1112/232707.992:ERROR:crash_report_database_win.cc(469)] failed to stat report
[1112/232707.992:ERROR:crash_report_database_win.cc(469)] failed to stat report
[1112/232707.992:ERROR:crash_report_database_win.cc(469)] failed to stat report
[1112/233812.859:ERROR:crash_report_database_win.cc(469)] failed to stat report
[1112/233812.860:ERROR:crash_report_database_win.cc(469)] failed to stat report
[1112/233812.860:ERROR:crash_report_database_win.cc(469)] failed to stat report
[1112/233812.860:ERROR:crash_report_database_win.cc(469)] failed to stat report
[1112/234207.993:ERROR:crash_report_database_win.cc(469)] failed to stat report
[1112/234207.993:ERROR:crash_report_database_win.cc(469)] failed to stat report
[1112/234207.993:ERROR:crash_report_database_win.cc(469)] failed to stat report
[1112/234207.993:ERROR:crash_report_database_win.cc(469)] failed to stat report
[1112/235707.993:ERROR:crash_report_database_win.cc(469)] failed to stat report
[1112/235707.993:ERROR:crash_report_database_win.cc(469)] failed to stat report
[1112/235707.993:ERROR:crash_report_database_win.cc(469)] failed to stat report
[1112/235707.993:ERROR:crash_report_database_win.cc(469)] failed to stat report
